<?xml version="1.0" encoding="UTF-8"?>
<coverage generated="1749959247">
  <project timestamp="1749959247" name="Clover Coverage">
    <package name="Revolution\Illuminate\Support">
      <file name="/home/runner/work/laravel-namespaced-helpers/laravel-namespaced-helpers/src/DispatchNow.php">
        <class name="Revolution\Illuminate\Support\DispatchNow" namespace="Revolution\Illuminate\Support">
          <metrics complexity="1" methods="1" coveredmethods="1" conditionals="0" coveredconditionals="0" statements="1" coveredstatements="1" elements="2" coveredelements="2"/>
        </class>
        <line num="13" type="method" name="dispatchNow" visibility="public" complexity="1" crap="1" count="1"/>
        <line num="15" type="stmt" count="1"/>
        <metrics loc="18" ncloc="15" classes="1" methods="1" coveredmethods="1" conditionals="0" coveredconditionals="0" statements="1" coveredstatements="1" elements="2" coveredelements="2"/>
      </file>
    </package>
    <file name="/home/runner/work/laravel-namespaced-helpers/laravel-namespaced-helpers/src/helpers.php">
      <line num="14" type="stmt" count="1"/>
      <line num="22" type="stmt" count="1"/>
      <metrics loc="24" ncloc="18" classes="0" methods="0" coveredmethods="0" conditionals="0" coveredconditionals="0" statements="2" coveredstatements="2" elements="2" coveredelements="2"/>
    </file>
    <metrics files="2" loc="42" ncloc="33" classes="1" methods="1" coveredmethods="1" conditionals="0" coveredconditionals="0" statements="3" coveredstatements="3" elements="4" coveredelements="4"/>
  </project>
</coverage>
